Removed Pin From Net: NetName=DIR Pin=DD1-1
Removed Pin From Net: NetName=INDEX Pin=DD1-4
Removed Pin From Net: NetName=TX_TMC Pin=DD1-23
Removed Pin From Net: NetName=LASER_ENABLE Pin=DD1-38
Removed Pin From Net: NetName=LED_GREEN Pin=DD1-55
Removed Pin From Net: NetName=LED_RED Pin=DD1-58
Removed Pin From Net: NetName=TXD Pin=DD1-68
Removed Pin From Net: NetName=RXD Pin=DD1-69
Removed Pin From Net: NetName=CLK Pin=DD1-91
Removed Pin From Net: NetName=STEP Pin=DD1-95
Removed Pin From Net: NetName=E\N\A\B\L\E\_Step Pin=DD1-96
Removed Pin From Net: NetName=SPREAD Pin=DD1-97
Removed Pin From Net: NetName=DIAG Pin=DD1-98
Removed Pin From Net: NetName=TXD Pin=R31-2
Removed Pin From Net: NetName=RXD Pin=R32-2
Added Pin To Net: NetName=LASER_ENABLE Pin=DD1-1
Added Pin To Net: NetName=LED_GREEN Pin=DD1-30
Added Pin To Net: NetName=LED_RED Pin=DD1-31
Added Pin To Net: NetName=DIR Pin=DD1-62
Added Pin To Net: NetName=INDEX Pin=DD1-63
Added Pin To Net: NetName=DIAG Pin=DD1-64
Added Pin To Net: NetName=SPREAD Pin=DD1-65
Added Pin To Net: NetName=E\N\A\B\L\E\_Step Pin=DD1-66
Added Pin To Net: NetName=STEP Pin=DD1-67
Added Pin To Net: NetName=TX_TMC Pin=DD1-68
Added Pin To Net: NetName=CLK Pin=DD1-69
Added Pin To Net: NetName=TXD Pin=DD1-78
Added Pin To Net: NetName=RXD Pin=DD1-79
Added Pin To Net: NetName=RXD Pin=R31-2
Added Pin To Net: NetName=TXD Pin=R32-2
Added Pin To Net: NetName=GND Pin=X1-13
Added Pin To Net: NetName=GND Pin=X1-14
Change Net Name : Old Net Name=CT3 New Net Name=+3V3_LAN
