Added Component: Designator=C4(CTD)
Add component (AddParameter): Name = "Supplier 1"; Value = "Digi-Key"; VariantName = "[No Variations]"
Add component (AddParameter): Name = "Supplier Part Number 1"; Value = "478-3936-1-ND"; VariantName = "[No Variations]"
Add component (AddParameter): Name = "Value"; Value = "47uF"; VariantName = "[No Variations]"
Added Component: Designator=C5(CTD)
Add component (AddParameter): Name = "Supplier 1"; Value = "Digi-Key"; VariantName = "[No Variations]"
Add component (AddParameter): Name = "Supplier Part Number 1"; Value = "478-3936-1-ND"; VariantName = "[No Variations]"
Add component (AddParameter): Name = "Value"; Value = "47uF"; VariantName = "[No Variations]"
Added Component: Designator=C6(CTD)
Add component (AddParameter): Name = "Supplier 1"; Value = "Digi-Key"; VariantName = "[No Variations]"
Add component (AddParameter): Name = "Supplier Part Number 1"; Value = "478-3936-1-ND"; VariantName = "[No Variations]"
Add component (AddParameter): Name = "Value"; Value = "47uF"; VariantName = "[No Variations]"
Added Component: Designator=C7(CTD)
Add component (AddParameter): Name = "Supplier 1"; Value = "Digi-Key"; VariantName = "[No Variations]"
Add component (AddParameter): Name = "Supplier Part Number 1"; Value = "478-3936-1-ND"; VariantName = "[No Variations]"
Add component (AddParameter): Name = "Value"; Value = "47uF"; VariantName = "[No Variations]"
Added Component: Designator=C8(CTD)
Add component (AddParameter): Name = "Supplier 1"; Value = "Digi-Key"; VariantName = "[No Variations]"
Add component (AddParameter): Name = "Supplier Part Number 1"; Value = "478-3936-1-ND"; VariantName = "[No Variations]"
Add component (AddParameter): Name = "Value"; Value = "47uF"; VariantName = "[No Variations]"
Added Component: Designator=C9(C0603)
Add component (AddParameter): Name = "Supplier 1"; Value = "Digi-Key"; VariantName = "[No Variations]"
Add component (AddParameter): Name = "Supplier Part Number 1"; Value = "445-1324-1-ND"; VariantName = "[No Variations]"
Add component (AddParameter): Name = "Value"; Value = "0.1uF"; VariantName = "[No Variations]"
Added Component: Designator=C10(CTD)
Add component (AddParameter): Name = "Supplier 1"; Value = "Digi-Key"; VariantName = "[No Variations]"
Add component (AddParameter): Name = "Supplier Part Number 1"; Value = "478-1730-2-ND"; VariantName = "[No Variations]"
Add component (AddParameter): Name = "Value"; Value = "22uF"; VariantName = "[No Variations]"
Added Component: Designator=C11(C0805)
Add component (AddParameter): Name = "Supplier 1"; Value = "Digi-Key"; VariantName = "[No Variations]"
Add component (AddParameter): Name = "Supplier Part Number 1"; Value = "490-10511-1-ND"; VariantName = "[No Variations]"
Add component (AddParameter): Name = "Value"; Value = "22uF"; VariantName = "[No Variations]"
Added Component: Designator=C15(CTD)
Add component (AddParameter): Name = "Supplier 1"; Value = "Digi-Key"; VariantName = "[No Variations]"
Add component (AddParameter): Name = "Supplier Part Number 1"; Value = "478-1730-2-ND"; VariantName = "[No Variations]"
Add component (AddParameter): Name = "Value"; Value = "22uF"; VariantName = "[No Variations]"
Added Component: Designator=C16(CTD)
Add component (AddParameter): Name = "Supplier 1"; Value = "Digi-Key"; VariantName = "[No Variations]"
Add component (AddParameter): Name = "Supplier Part Number 1"; Value = "478-1730-2-ND"; VariantName = "[No Variations]"
Add component (AddParameter): Name = "Value"; Value = "22uF"; VariantName = "[No Variations]"
Added Component: Designator=C17(CTD)
Add component (AddParameter): Name = "Supplier 1"; Value = "Digi-Key"; VariantName = "[No Variations]"
Add component (AddParameter): Name = "Supplier Part Number 1"; Value = "478-1730-2-ND"; VariantName = "[No Variations]"
Add component (AddParameter): Name = "Value"; Value = "22uF"; VariantName = "[No Variations]"
Added Component: Designator=C18(CTD)
Add component (AddParameter): Name = "Supplier 1"; Value = "Digi-Key"; VariantName = "[No Variations]"
Add component (AddParameter): Name = "Supplier Part Number 1"; Value = "478-1730-2-ND"; VariantName = "[No Variations]"
Add component (AddParameter): Name = "Value"; Value = "22uF"; VariantName = "[No Variations]"
Added Component: Designator=C19(CTD)
Add component (AddParameter): Name = "Supplier 1"; Value = "Digi-Key"; VariantName = "[No Variations]"
Add component (AddParameter): Name = "Supplier Part Number 1"; Value = "478-1730-2-ND"; VariantName = "[No Variations]"
Add component (AddParameter): Name = "Value"; Value = "22uF"; VariantName = "[No Variations]"
Added Component: Designator=C20(C0603)
Add component (AddParameter): Name = "Supplier 1"; Value = "Digi-Key"; VariantName = "[No Variations]"
Add component (AddParameter): Name = "Supplier Part Number 1"; Value = "445-1309-1-ND"; VariantName = "[No Variations]"
Add component (AddParameter): Name = "Value"; Value = "2200pF"; VariantName = "[No Variations]"
Added Component: Designator=C21(C1206)
Add component (AddParameter): Name = "Supplier 1"; Value = "Digi-Key"; VariantName = "[No Variations]"
Add component (AddParameter): Name = "Supplier Part Number 1"; Value = "445-4045-1-ND"; VariantName = "[No Variations]"
Add component (AddParameter): Name = "Value"; Value = "2.2uF"; VariantName = "[No Variations]"
Added Component: Designator=C22(C0603)
Add component (AddParameter): Name = "Supplier 1"; Value = "Digi-Key"; VariantName = "[No Variations]"
Add component (AddParameter): Name = "Supplier Part Number 1"; Value = "445-1324-1-ND"; VariantName = "[No Variations]"
Add component (AddParameter): Name = "Value"; Value = "0.1uF"; VariantName = "[No Variations]"
Added Component: Designator=C23(C0603)
Add component (AddParameter): Name = "Supplier 1"; Value = "Digi-Key"; VariantName = "[No Variations]"
Add component (AddParameter): Name = "Supplier Part Number 1"; Value = "445-1324-1-ND"; VariantName = "[No Variations]"
Add component (AddParameter): Name = "Value"; Value = "0.1uF"; VariantName = "[No Variations]"
Added Component: Designator=C24(C1210)
Add component (AddParameter): Name = "Supplier 1"; Value = "Digi-Key"; VariantName = "[No Variations]"
Add component (AddParameter): Name = "Value"; Value = "10uF"; VariantName = "[No Variations]"
Added Component: Designator=C25(C1210)
Add component (AddParameter): Name = "Supplier 1"; Value = "Digi-Key"; VariantName = "[No Variations]"
Add component (AddParameter): Name = "Value"; Value = "10uF"; VariantName = "[No Variations]"
Added Component: Designator=C26(C0603)
Add component (AddParameter): Name = "Supplier 1"; Value = "Digi-Key"; VariantName = "[No Variations]"
Add component (AddParameter): Name = "Supplier Part Number 1"; Value = "445-1324-1-ND"; VariantName = "[No Variations]"
Add component (AddParameter): Name = "Value"; Value = "0.1uF"; VariantName = "[No Variations]"
Added Component: Designator=C27(C0603)
Add component (AddParameter): Name = "Supplier 1"; Value = "Digi-Key"; VariantName = "[No Variations]"
Add component (AddParameter): Name = "Supplier Part Number 1"; Value = "PCC2174TR-ND"; VariantName = "[No Variations]"
Add component (AddParameter): Name = "Value"; Value = "1uF"; VariantName = "[No Variations]"
Added Component: Designator=C28(C0603)
Add component (AddParameter): Name = "Supplier 1"; Value = "Digi-Key"; VariantName = "[No Variations]"
Add component (AddParameter): Name = "Supplier Part Number 1"; Value = "445-1309-1-ND"; VariantName = "[No Variations]"
Add component (AddParameter): Name = "Value"; Value = "2200pF"; VariantName = "[No Variations]"
Added Component: Designator=C29(C1206)
Add component (AddParameter): Name = "Supplier 1"; Value = "Digi-Key"; VariantName = "[No Variations]"
Add component (AddParameter): Name = "Supplier Part Number 1"; Value = "445-4045-1-ND"; VariantName = "[No Variations]"
Add component (AddParameter): Name = "Value"; Value = "2.2uF"; VariantName = "[No Variations]"
Added Component: Designator=C30(C0603)
Add component (AddParameter): Name = "Supplier 1"; Value = "Digi-Key"; VariantName = "[No Variations]"
Add component (AddParameter): Name = "Supplier Part Number 1"; Value = "445-1324-1-ND"; VariantName = "[No Variations]"
Add component (AddParameter): Name = "Value"; Value = "0.1uF"; VariantName = "[No Variations]"
Added Component: Designator=C31(C0603)
Add component (AddParameter): Name = "Supplier 1"; Value = "Digi-Key"; VariantName = "[No Variations]"
Add component (AddParameter): Name = "Supplier Part Number 1"; Value = "445-1270-1-ND"; VariantName = "[No Variations]"
Add component (AddParameter): Name = "Value"; Value = "12pF"; VariantName = "[No Variations]"
Added Component: Designator=C32(C0603)
Add component (AddParameter): Name = "Supplier 1"; Value = "Digi-Key"; VariantName = "[No Variations]"
Add component (AddParameter): Name = "Supplier Part Number 1"; Value = "445-1324-1-ND"; VariantName = "[No Variations]"
Add component (AddParameter): Name = "Value"; Value = "0.1uF"; VariantName = "[No Variations]"
Added Component: Designator=C33(C1210)
Add component (AddParameter): Name = "Supplier 1"; Value = "Digi-Key"; VariantName = "[No Variations]"
Add component (AddParameter): Name = "Value"; Value = "10uF"; VariantName = "[No Variations]"
Added Component: Designator=C34(C1210)
Add component (AddParameter): Name = "Supplier 1"; Value = "Digi-Key"; VariantName = "[No Variations]"
Add component (AddParameter): Name = "Value"; Value = "10uF"; VariantName = "[No Variations]"
Added Component: Designator=C35(C0603)
Add component (AddParameter): Name = "Supplier 1"; Value = "Digi-Key"; VariantName = "[No Variations]"
Add component (AddParameter): Name = "Supplier Part Number 1"; Value = "445-1324-1-ND"; VariantName = "[No Variations]"
Add component (AddParameter): Name = "Value"; Value = "0.1uF"; VariantName = "[No Variations]"
Added Component: Designator=C36(C0603)
Add component (AddParameter): Name = "Supplier 1"; Value = "Digi-Key"; VariantName = "[No Variations]"
Add component (AddParameter): Name = "Supplier Part Number 1"; Value = "PCC2174TR-ND"; VariantName = "[No Variations]"
Add component (AddParameter): Name = "Value"; Value = "1uF"; VariantName = "[No Variations]"
Added Component: Designator=C37(C0603)
Add component (AddParameter): Name = "Supplier 1"; Value = "Digi-Key"; VariantName = "[No Variations]"
Add component (AddParameter): Name = "Supplier Part Number 1"; Value = "445-1270-1-ND"; VariantName = "[No Variations]"
Add component (AddParameter): Name = "Value"; Value = "12pF"; VariantName = "[No Variations]"
Added Component: Designator=C38(C0603)
Add component (AddParameter): Name = "Supplier 1"; Value = "Digi-Key"; VariantName = "[No Variations]"
Add component (AddParameter): Name = "Supplier Part Number 1"; Value = "445-1324-1-ND"; VariantName = "[No Variations]"
Add component (AddParameter): Name = "Value"; Value = "0.1uF"; VariantName = "[No Variations]"
Added Component: Designator=C39(C0603)
Add component (AddParameter): Name = "Supplier 1"; Value = "Digi-Key"; VariantName = "[No Variations]"
Add component (AddParameter): Name = "Supplier Part Number 1"; Value = "445-1324-1-ND"; VariantName = "[No Variations]"
Add component (AddParameter): Name = "Value"; Value = "0.1uF"; VariantName = "[No Variations]"
Added Component: Designator=C40(C0603)
Add component (AddParameter): Name = "Supplier 1"; Value = "Digi-Key"; VariantName = "[No Variations]"
Add component (AddParameter): Name = "Supplier Part Number 1"; Value = "445-7478-1-ND"; VariantName = "[No Variations]"
Add component (AddParameter): Name = "Value"; Value = "4.7uF"; VariantName = "[No Variations]"
Added Component: Designator=C41(C0603)
Add component (AddParameter): Name = "Supplier 1"; Value = "Digi-Key"; VariantName = "[No Variations]"
Add component (AddParameter): Name = "Supplier Part Number 1"; Value = "445-1324-1-ND"; VariantName = "[No Variations]"
Add component (AddParameter): Name = "Value"; Value = "0.1uF"; VariantName = "[No Variations]"
Added Component: Designator=C42(C0603)
Add component (AddParameter): Name = "Supplier 1"; Value = "Digi-Key"; VariantName = "[No Variations]"
Add component (AddParameter): Name = "Supplier Part Number 1"; Value = "445-7478-1-ND"; VariantName = "[No Variations]"
Add component (AddParameter): Name = "Value"; Value = "4.7uF"; VariantName = "[No Variations]"
Added Component: Designator=C43(C0603)
Add component (AddParameter): Name = "Supplier 1"; Value = "Digi-Key"; VariantName = "[No Variations]"
Add component (AddParameter): Name = "Supplier Part Number 1"; Value = "445-1324-1-ND"; VariantName = "[No Variations]"
Add component (AddParameter): Name = "Value"; Value = "0.1uF"; VariantName = "[No Variations]"
Added Component: Designator=C44(C0603)
Add component (AddParameter): Name = "Supplier 1"; Value = "Digi-Key"; VariantName = "[No Variations]"
Add component (AddParameter): Name = "Supplier Part Number 1"; Value = "445-7478-1-ND"; VariantName = "[No Variations]"
Add component (AddParameter): Name = "Value"; Value = "4.7uF"; VariantName = "[No Variations]"
Added Component: Designator=C45(C0603)
Add component (AddParameter): Name = "Supplier 1"; Value = "Digi-Key"; VariantName = "[No Variations]"
Add component (AddParameter): Name = "Supplier Part Number 1"; Value = "445-1324-1-ND"; VariantName = "[No Variations]"
Add component (AddParameter): Name = "Value"; Value = "0.1uF"; VariantName = "[No Variations]"
Added Component: Designator=C46(C0603)
Add component (AddParameter): Name = "Supplier 1"; Value = "Digi-Key"; VariantName = "[No Variations]"
Add component (AddParameter): Name = "Supplier Part Number 1"; Value = "445-7478-1-ND"; VariantName = "[No Variations]"
Add component (AddParameter): Name = "Value"; Value = "4.7uF"; VariantName = "[No Variations]"
Added Component: Designator=D1(SMB)
Add component (AddParameter): Name = "HelpUrl"; Value = "https://www.bourns.com/docs/Product-Datasheets/SMBJ.pdf"; VariantName = "[No Variations]"
Add component (AddParameter): Name = "Supplier 1"; Value = "Digi-Key"; VariantName = "[No Variations]"
Add component (AddParameter): Name = "Supplier Part Number 1"; Value = "SMBJ36ABTR-ND"; VariantName = "[No Variations]"
Added Component: Designator=D2(SOD323)
Add component (AddParameter): Name = "Current - Average Rectified (Io)"; Value = "150mA"; VariantName = "[No Variations]"
Add component (AddParameter): Name = "HelpUrl"; Value = "\\Storage\Volume_2\SPEKTR-AT\Catalogs\General Semiconductor\Diodes\1N4148W.pdf"; VariantName = "[No Variations]"
Add component (AddParameter): Name = "Supplier 1"; Value = "Digi-Key"; VariantName = "[No Variations]"
Add component (AddParameter): Name = "Supplier Part Number 1"; Value = "1N4148WSFSCT-ND"; VariantName = "[No Variations]"
Add component (AddParameter): Name = "Type"; Value = "DIODE 75V 150MA SOD323F"; VariantName = "[No Variations]"
Add component (AddParameter): Name = "Voltage - DC Reverse (Vr) (Max)"; Value = "75V"; VariantName = "[No Variations]"
Added Component: Designator=D3(SMB)
Add component (AddParameter): Name = "HelpUrl"; Value = "https://www.bourns.com/docs/Product-Datasheets/SMBJ.pdf"; VariantName = "[No Variations]"
Add component (AddParameter): Name = "Supplier 1"; Value = "Digi-Key"; VariantName = "[No Variations]"
Add component (AddParameter): Name = "Supplier Part Number 1"; Value = "SMBJ36ABTR-ND"; VariantName = "[No Variations]"
Added Component: Designator=DA1(URF24xxQB_100WHR3)
Add component (AddParameter): Name = "HelpUrl"; Value = "https://www.mornsunpower.ru/html/pdf/URF2428QB-100WHR3.html"; VariantName = "[No Variations]"
Added Component: Designator=DA2(TSOT-23)
Add component (AddParameter): Name = "Built_By"; Value = "EMA_UL_Team"; VariantName = "[No Variations]"
Add component (AddParameter): Name = "Copyright"; Value = "Copyright (C) 2018 Accelerated Designs. All rights reserved"; VariantName = "[No Variations]"
Add component (AddParameter): Name = "Manufacturer_Part_Number"; Value = "LT1933ES6#TRPBF"; VariantName = "[No Variations]"
Add component (AddParameter): Name = "RefDes"; Value = "RefDes"; VariantName = "[No Variations]"
Add component (AddParameter): Name = "SourceLibrary"; Value = "LinearTech_2016-05-13_6"; VariantName = "[No Variations]"
Add component (AddParameter): Name = "Type"; Value = "DEV"; VariantName = "[No Variations]"
Add component (AddParameter): Name = "Vendor"; Value = "Linear Technology"; VariantName = "[No Variations]"
Added Component: Designator=DA3(ltv-817s)
Added Component: Designator=DA4(URF24xxQB_100WHR3)
Add component (AddParameter): Name = "HelpUrl"; Value = "https://www.mornsunpower.ru/html/pdf/URF2428QB-100WHR3.html"; VariantName = "[No Variations]"
Added Component: Designator=DD1(LQFP48)
Add component (AddParameter): Name = "Supplier 1"; Value = "Digi-Key"; VariantName = "[No Variations]"
Add component (AddParameter): Name = "Supplier Part Number 1"; Value = "497-16579-ND"; VariantName = "[No Variations]"
Added Component: Designator=L1(VLCF4020T)
Add component (AddParameter): Name = "Current"; Value = "0.9A"; VariantName = "[No Variations]"
Add component (AddParameter): Name = "HelpUrl"; Value = "\\Storage\Volume_2\SPEKTR-AT\Catalogs\Sumida\CDRH5D28.pdf"; VariantName = "[No Variations]"
Add component (AddParameter): Name = "Supplier 1"; Value = "Digi-Key"; VariantName = "[No Variations]"
Add component (AddParameter): Name = "Supplier Part Number 1"; Value = "CDRH5D28NP-220NCTR-ND"; VariantName = "[No Variations]"
Add component (AddParameter): Name = "Value"; Value = "22uH"; VariantName = "[No Variations]"
Added Component: Designator=R1(R0603)
Add component (AddParameter): Name = "Supplier 1"; Value = "Digi-Key"; VariantName = "[No Variations]"
Add component (AddParameter): Name = "Supplier Part Number 1"; Value = "P510HCT-ND"; VariantName = "[No Variations]"
Add component (AddParameter): Name = "Value"; Value = "510"; VariantName = "[No Variations]"
Added Component: Designator=R2(R0603)
Add component (AddParameter): Name = "Supplier 1"; Value = "Digi-Key"; VariantName = "[No Variations]"
Add component (AddParameter): Name = "Supplier Part Number 1"; Value = "P330HCT-ND"; VariantName = "[No Variations]"
Add component (AddParameter): Name = "Value"; Value = "330"; VariantName = "[No Variations]"
Added Component: Designator=R3(R0603)
Add component (AddParameter): Name = "Supplier 1"; Value = "Digi-Key"; VariantName = "[No Variations]"
Add component (AddParameter): Name = "Supplier Part Number 1"; Value = "P10.0KHCT-ND"; VariantName = "[No Variations]"
Add component (AddParameter): Name = "Value"; Value = "10K"; VariantName = "[No Variations]"
Added Component: Designator=R4(R0603)
Add component (AddParameter): Name = "Supplier 1"; Value = "Digi-Key"; VariantName = "[No Variations]"
Add component (AddParameter): Name = "Supplier Part Number 1"; Value = "P100KHCT-ND"; VariantName = "[No Variations]"
Add component (AddParameter): Name = "Value"; Value = "100K"; VariantName = "[No Variations]"
Added Component: Designator=R6(R0603)
Add component (AddParameter): Name = "Supplier 1"; Value = "Digi-Key"; VariantName = "[No Variations]"
Add component (AddParameter): Name = "Supplier Part Number 1"; Value = "P10.0KHCT-ND"; VariantName = "[No Variations]"
Add component (AddParameter): Name = "Value"; Value = "10K"; VariantName = "[No Variations]"
Added Component: Designator=R7(R1210)
Add component (AddParameter): Name = "Supplier 1"; Value = "Digi-Key"; VariantName = "[No Variations]"
Add component (AddParameter): Name = "Supplier Part Number 1"; Value = "311-0.12NATR-ND"; VariantName = "[No Variations]"
Add component (AddParameter): Name = "Value"; Value = "0.12"; VariantName = "[No Variations]"
Added Component: Designator=R8(R1210)
Add component (AddParameter): Name = "Supplier 1"; Value = "Digi-Key"; VariantName = "[No Variations]"
Add component (AddParameter): Name = "Supplier Part Number 1"; Value = "311-0.12NATR-ND"; VariantName = "[No Variations]"
Add component (AddParameter): Name = "Value"; Value = "0.12"; VariantName = "[No Variations]"
Added Component: Designator=R10(R0603)
Add component (AddParameter): Name = "Supplier 1"; Value = "Digi-Key"; VariantName = "[No Variations]"
Add component (AddParameter): Name = "Supplier Part Number 1"; Value = "P100KHCT-ND"; VariantName = "[No Variations]"
Add component (AddParameter): Name = "Value"; Value = "100K"; VariantName = "[No Variations]"
Added Component: Designator=R13(R1210)
Add component (AddParameter): Name = "Supplier 1"; Value = "Digi-Key"; VariantName = "[No Variations]"
Add component (AddParameter): Name = "Supplier Part Number 1"; Value = "311-0.12NATR-ND"; VariantName = "[No Variations]"
Add component (AddParameter): Name = "Value"; Value = "0.12"; VariantName = "[No Variations]"
Added Component: Designator=R14(R1210)
Add component (AddParameter): Name = "Supplier 1"; Value = "Digi-Key"; VariantName = "[No Variations]"
Add component (AddParameter): Name = "Supplier Part Number 1"; Value = "311-0.12NATR-ND"; VariantName = "[No Variations]"
Add component (AddParameter): Name = "Value"; Value = "0.12"; VariantName = "[No Variations]"
Added Component: Designator=R16(R0603)
Add component (AddParameter): Name = "Supplier 1"; Value = "Digi-Key"; VariantName = "[No Variations]"
Add component (AddParameter): Name = "Supplier Part Number 1"; Value = "P100KHCT-ND"; VariantName = "[No Variations]"
Add component (AddParameter): Name = "Value"; Value = "100K"; VariantName = "[No Variations]"
Added Component: Designator=R18(R0603)
Add component (AddParameter): Name = "Supplier 1"; Value = "Digi-Key"; VariantName = "[No Variations]"
Add component (AddParameter): Name = "Supplier Part Number 1"; Value = "P1.00KHCT-ND"; VariantName = "[No Variations]"
Add component (AddParameter): Name = "Value"; Value = "1K"; VariantName = "[No Variations]"
Added Component: Designator=R19(R0603)
Add component (AddParameter): Name = "Supplier 1"; Value = "Digi-Key"; VariantName = "[No Variations]"
Add component (AddParameter): Name = "Supplier Part Number 1"; Value = "P120HCT-ND"; VariantName = "[No Variations]"
Add component (AddParameter): Name = "Value"; Value = "120"; VariantName = "[No Variations]"
Added Component: Designator=R20(R0603)
Add component (AddParameter): Name = "Supplier 1"; Value = "Digi-Key"; VariantName = "[No Variations]"
Add component (AddParameter): Name = "Supplier Part Number 1"; Value = "P1.00KHCT-ND"; VariantName = "[No Variations]"
Add component (AddParameter): Name = "Value"; Value = "1K"; VariantName = "[No Variations]"
Added Component: Designator=R21(R0603)
Add component (AddParameter): Name = "Supplier 1"; Value = "Digi-Key"; VariantName = "[No Variations]"
Add component (AddParameter): Name = "Supplier Part Number 1"; Value = "P120HCT-ND"; VariantName = "[No Variations]"
Add component (AddParameter): Name = "Value"; Value = "120"; VariantName = "[No Variations]"
Added Component: Designator=U1(QFN28)
Add component (AddParameter): Name = "Built_By"; Value = "EMA_Cory"; VariantName = "[No Variations]"
Add component (AddParameter): Name = "Copyright"; Value = "Copyright (C) 2018 Accelerated Designs. All rights reserved"; VariantName = "[No Variations]"
Add component (AddParameter): Name = "Datasheet"; Value = "https://www.trinamic.com/products/integrated-circuits/details/tmc2209-la/"; VariantName = "[No Variations]"
Add component (AddParameter): Name = "Manufacturer_Part_Number"; Value = "TMC2209-LA"; VariantName = "[No Variations]"
Add component (AddParameter): Name = "RefDes"; Value = "RefDes"; VariantName = "[No Variations]"
Add component (AddParameter): Name = "SourceLibrary"; Value = "Add_to_database_2020-10-29"; VariantName = "[No Variations]"
Add component (AddParameter): Name = "Type"; Value = "DEV"; VariantName = "[No Variations]"
Add component (AddParameter): Name = "Vendor"; Value = "Trinamic"; VariantName = "[No Variations]"
Added Component: Designator=U2(QFN28)
Add component (AddParameter): Name = "Built_By"; Value = "EMA_Cory"; VariantName = "[No Variations]"
Add component (AddParameter): Name = "Copyright"; Value = "Copyright (C) 2018 Accelerated Designs. All rights reserved"; VariantName = "[No Variations]"
Add component (AddParameter): Name = "Datasheet"; Value = "https://www.trinamic.com/products/integrated-circuits/details/tmc2209-la/"; VariantName = "[No Variations]"
Add component (AddParameter): Name = "Manufacturer_Part_Number"; Value = "TMC2209-LA"; VariantName = "[No Variations]"
Add component (AddParameter): Name = "RefDes"; Value = "RefDes"; VariantName = "[No Variations]"
Add component (AddParameter): Name = "SourceLibrary"; Value = "Add_to_database_2020-10-29"; VariantName = "[No Variations]"
Add component (AddParameter): Name = "Type"; Value = "DEV"; VariantName = "[No Variations]"
Add component (AddParameter): Name = "Vendor"; Value = "Trinamic"; VariantName = "[No Variations]"
Added Component: Designator=U3(SOIC8)
Add component (AddParameter): Name = "Built_By"; Value = "EMA_UL_Team"; VariantName = "[No Variations]"
Add component (AddParameter): Name = "Copyright"; Value = "Copyright (C) 2018 Accelerated Designs. All rights reserved"; VariantName = "[No Variations]"
Add component (AddParameter): Name = "Manufacturer_Part_Number"; Value = "MAX3057ASA+"; VariantName = "[No Variations]"
Add component (AddParameter): Name = "RefDes"; Value = "RefDes"; VariantName = "[No Variations]"
Add component (AddParameter): Name = "Revision"; Value = "3"; VariantName = "[No Variations]"
Add component (AddParameter): Name = "SourceLibrary"; Value = "Maxim_2011-10-27"; VariantName = "[No Variations]"
Add component (AddParameter): Name = "Type"; Value = "DEV"; VariantName = "[No Variations]"
Add component (AddParameter): Name = "Vendor"; Value = "Maxim Integrated Products"; VariantName = "[No Variations]"
Added Component: Designator=VD1(SFLAT)
Add component (AddParameter): Name = "Supplier 1"; Value = "Digi-Key"; VariantName = "[No Variations]"
Add component (AddParameter): Name = "Supplier Part Number 1"; Value = "CRS09QCT-ND"; VariantName = "[No Variations]"
Added Component: Designator=X2(S8B-PH-SM4-TB)
Add component (AddParameter): Name = "Current"; Value = "2A"; VariantName = "[No Variations]"
Add component (AddParameter): Name = "HelpUrl"; Value = "\\Storage\Volume_2\SPEKTR-AT\Catalogs\Jst\PH.pdf"; VariantName = "[No Variations]"
Add component (AddParameter): Name = "Supplier 1"; Value = "Digi-Key"; VariantName = "[No Variations]"
Add component (AddParameter): Name = "Supplier Part Number 1"; Value = "455-1755-1-ND"; VariantName = "[No Variations]"
Add component (AddParameter): Name = "Voltage"; Value = "100V"; VariantName = "[No Variations]"
Added Component: Designator=X3(B4B-XH-A)
Add component (AddParameter): Name = "Current"; Value = "3A"; VariantName = "[No Variations]"
Add component (AddParameter): Name = "HelpUrl"; Value = "\\Storage\Volume_2\SPEKTR-AT\Catalogs\Jst\eXH.pdf"; VariantName = "[No Variations]"
Add component (AddParameter): Name = "Supplier 1"; Value = "Digi-Key"; VariantName = "[No Variations]"
Add component (AddParameter): Name = "Supplier Part Number 1"; Value = "455-2249-ND"; VariantName = "[No Variations]"
Add component (AddParameter): Name = "Voltage"; Value = "250V"; VariantName = "[No Variations]"
Added Component: Designator=X4(B4B-XH-A)
Add component (AddParameter): Name = "Current"; Value = "3A"; VariantName = "[No Variations]"
Add component (AddParameter): Name = "HelpUrl"; Value = "\\Storage\Volume_2\SPEKTR-AT\Catalogs\Jst\eXH.pdf"; VariantName = "[No Variations]"
Add component (AddParameter): Name = "Supplier 1"; Value = "Digi-Key"; VariantName = "[No Variations]"
Add component (AddParameter): Name = "Supplier Part Number 1"; Value = "455-2249-ND"; VariantName = "[No Variations]"
Add component (AddParameter): Name = "Voltage"; Value = "250V"; VariantName = "[No Variations]"
Added Component: Designator=X6(BM03B-SRSS-TB)
Add component (AddParameter): Name = "Current"; Value = "0.7A"; VariantName = "[No Variations]"
Add component (AddParameter): Name = "HelpUrl"; Value = "\\Storage\Volume_2\SPEKTR-AT\Catalogs\Jst\eSR.pdf"; VariantName = "[No Variations]"
Add component (AddParameter): Name = "Supplier 1"; Value = "Digi-Key"; VariantName = "[No Variations]"
Add component (AddParameter): Name = "Supplier Part Number 1"; Value = "455-1407-1-ND"; VariantName = "[No Variations]"
Add component (AddParameter): Name = "Voltage"; Value = "50V"; VariantName = "[No Variations]"
Added Pin To Net: NetName=+3V3 Pin=C11-2
Added Pin To Net: NetName=+3V3 Pin=C22-1
Added Pin To Net: NetName=+3V3 Pin=C30-1
Added Pin To Net: NetName=+3V3 Pin=C38-2
Added Pin To Net: NetName=+3V3 Pin=C39-2
Added Pin To Net: NetName=+3V3 Pin=C40-2
Added Pin To Net: NetName=+3V3 Pin=C41-2
Added Pin To Net: NetName=+3V3 Pin=C42-2
Added Pin To Net: NetName=+3V3 Pin=C43-2
Added Pin To Net: NetName=+3V3 Pin=C44-2
Added Pin To Net: NetName=+3V3 Pin=C45-2
Added Pin To Net: NetName=+3V3 Pin=C46-2
Added Pin To Net: NetName=+3V3 Pin=D2-1
Added Pin To Net: NetName=+3V3 Pin=DD1-1
Added Pin To Net: NetName=+3V3 Pin=DD1-9
Added Pin To Net: NetName=+3V3 Pin=DD1-24
Added Pin To Net: NetName=+3V3 Pin=DD1-36
Added Pin To Net: NetName=+3V3 Pin=DD1-48
Added Pin To Net: NetName=+3V3 Pin=L1-2
Added Pin To Net: NetName=+3V3 Pin=U1-15
Added Pin To Net: NetName=+3V3 Pin=U2-9
Added Pin To Net: NetName=+3V3 Pin=U2-15
Added Pin To Net: NetName=+3V3 Pin=U3-3
Added Net: Name=+3V3
Added Pin To Net: NetName=+12V Pin=C4-1
Added Pin To Net: NetName=+12V Pin=C5-1
Added Pin To Net: NetName=+12V Pin=C6-1
Added Pin To Net: NetName=+12V Pin=C7-1
Added Pin To Net: NetName=+12V Pin=C8-1
Added Pin To Net: NetName=+12V Pin=D1-2
Added Pin To Net: NetName=+12V Pin=DA1-7
Added Pin To Net: NetName=+12V Pin=DA1-8
Added Pin To Net: NetName=+12V Pin=X2-3
Added Pin To Net: NetName=+12V Pin=X2-4
Added Net: Name=+12V
Added Pin To Net: NetName=+24V Pin=C10-1
Added Pin To Net: NetName=+24V Pin=C15-1
Added Pin To Net: NetName=+24V Pin=C16-1
Added Pin To Net: NetName=+24V Pin=C17-1
Added Pin To Net: NetName=+24V Pin=C18-1
Added Pin To Net: NetName=+24V Pin=C19-1
Added Pin To Net: NetName=+24V Pin=C23-1
Added Pin To Net: NetName=+24V Pin=C24-2
Added Pin To Net: NetName=+24V Pin=C25-2
Added Pin To Net: NetName=+24V Pin=C26-2
Added Pin To Net: NetName=+24V Pin=C27-2
Added Pin To Net: NetName=+24V Pin=C32-1
Added Pin To Net: NetName=+24V Pin=C33-2
Added Pin To Net: NetName=+24V Pin=C34-2
Added Pin To Net: NetName=+24V Pin=C35-2
Added Pin To Net: NetName=+24V Pin=C36-2
Added Pin To Net: NetName=+24V Pin=D3-2
Added Pin To Net: NetName=+24V Pin=DA2-5
Added Pin To Net: NetName=+24V Pin=DA4-8
Added Pin To Net: NetName=+24V Pin=R3-2
Added Pin To Net: NetName=+24V Pin=U1-22
Added Pin To Net: NetName=+24V Pin=U1-28
Added Pin To Net: NetName=+24V Pin=U2-22
Added Pin To Net: NetName=+24V Pin=U2-28
Added Net: Name=+24V
Added Pin To Net: NetName=+V_EXT Pin=DA1-1
Added Pin To Net: NetName=+V_EXT Pin=DA3-4
Added Pin To Net: NetName=+V_EXT Pin=DA4-1
Added Pin To Net: NetName=+V_EXT Pin=X2-8
Added Net: Name=+V_EXT
Added Pin To Net: NetName=CAN_N Pin=R19-1
Added Pin To Net: NetName=CAN_N Pin=R21-1
Added Pin To Net: NetName=CAN_N Pin=U3-6
Added Pin To Net: NetName=CAN_N Pin=X2-2
Added Net: Name=CAN_N
Added Pin To Net: NetName=CAN_P Pin=R19-2
Added Pin To Net: NetName=CAN_P Pin=R21-2
Added Pin To Net: NetName=CAN_P Pin=U3-7
Added Pin To Net: NetName=CAN_P Pin=X2-1
Added Net: Name=CAN_P
Added Pin To Net: NetName=CAN_RX Pin=DD1-32
Added Pin To Net: NetName=CAN_RX Pin=U3-4
Added Net: Name=CAN_RX
Added Pin To Net: NetName=CAN_TX Pin=DD1-33
Added Pin To Net: NetName=CAN_TX Pin=U3-1
Added Net: Name=CAN_TX
Added Pin To Net: NetName=CLK Pin=DD1-20
Added Pin To Net: NetName=CLK Pin=U1-13
Added Pin To Net: NetName=CLK Pin=U2-13
Added Net: Name=CLK
Added Pin To Net: NetName=DAC_X Pin=DD1-15
Added Pin To Net: NetName=DAC_X Pin=U1-17
Added Net: Name=DAC_X
Added Pin To Net: NetName=DAC_Y Pin=DD1-14
Added Pin To Net: NetName=DAC_Y Pin=U2-17
Added Net: Name=DAC_Y
Added Pin To Net: NetName=DIAG_X Pin=DD1-39
Added Pin To Net: NetName=DIAG_X Pin=U1-11
Added Net: Name=DIAG_X
Added Pin To Net: NetName=DIAG_Y Pin=DD1-3
Added Pin To Net: NetName=DIAG_Y Pin=U2-11
Added Net: Name=DIAG_Y
Added Pin To Net: NetName=DIR_X Pin=DD1-29
Added Pin To Net: NetName=DIR_X Pin=U1-19
Added Net: Name=DIR_X
Added Pin To Net: NetName=DIR_Y Pin=DD1-2
Added Pin To Net: NetName=DIR_Y Pin=U2-19
Added Net: Name=DIR_Y
Added Pin To Net: NetName=E\N\A\B\L\E\_X Pin=DD1-28
Added Pin To Net: NetName=E\N\A\B\L\E\_X Pin=U1-2
Added Net: Name=E\N\A\B\L\E\_X
Added Pin To Net: NetName=E\N\A\B\L\E\_Y Pin=DD1-41
Added Pin To Net: NetName=E\N\A\B\L\E\_Y Pin=U2-2
Added Net: Name=E\N\A\B\L\E\_Y
Added Pin To Net: NetName=GND_12V Pin=C4-2
Added Pin To Net: NetName=GND_12V Pin=C5-2
Added Pin To Net: NetName=GND_12V Pin=C6-2
Added Pin To Net: NetName=GND_12V Pin=C7-2
Added Pin To Net: NetName=GND_12V Pin=C8-2
Added Pin To Net: NetName=GND_12V Pin=D1-1
Added Pin To Net: NetName=GND_12V Pin=DA1-4
Added Pin To Net: NetName=GND_12V Pin=DA1-5
Added Pin To Net: NetName=GND_12V Pin=X2-5
Added Pin To Net: NetName=GND_12V Pin=X2-6
Added Net: Name=GND_12V
Added Pin To Net: NetName=GND_EXT Pin=DA1-3
Added Pin To Net: NetName=GND_EXT Pin=DA4-3
Added Pin To Net: NetName=GND_EXT Pin=R4-1
Added Pin To Net: NetName=GND_EXT Pin=X2-7
Added Net: Name=GND_EXT
Added Pin To Net: NetName=GND_MOTOR Pin=C10-2
Added Pin To Net: NetName=GND_MOTOR Pin=C11-1
Added Pin To Net: NetName=GND_MOTOR Pin=C15-2
Added Pin To Net: NetName=GND_MOTOR Pin=C16-2
Added Pin To Net: NetName=GND_MOTOR Pin=C17-2
Added Pin To Net: NetName=GND_MOTOR Pin=C18-2
Added Pin To Net: NetName=GND_MOTOR Pin=C19-2
Added Pin To Net: NetName=GND_MOTOR Pin=C21-1
Added Pin To Net: NetName=GND_MOTOR Pin=C22-2
Added Pin To Net: NetName=GND_MOTOR Pin=C24-1
Added Pin To Net: NetName=GND_MOTOR Pin=C25-1
Added Pin To Net: NetName=GND_MOTOR Pin=C26-1
Added Pin To Net: NetName=GND_MOTOR Pin=C27-1
Added Pin To Net: NetName=GND_MOTOR Pin=C29-1
Added Pin To Net: NetName=GND_MOTOR Pin=C30-2
Added Pin To Net: NetName=GND_MOTOR Pin=C31-1
Added Pin To Net: NetName=GND_MOTOR Pin=C33-1
Added Pin To Net: NetName=GND_MOTOR Pin=C34-1
Added Pin To Net: NetName=GND_MOTOR Pin=C35-1
Added Pin To Net: NetName=GND_MOTOR Pin=C36-1
Added Pin To Net: NetName=GND_MOTOR Pin=C37-1
Added Pin To Net: NetName=GND_MOTOR Pin=C38-1
Added Pin To Net: NetName=GND_MOTOR Pin=C39-1
Added Pin To Net: NetName=GND_MOTOR Pin=C40-1
Added Pin To Net: NetName=GND_MOTOR Pin=C41-1
Added Pin To Net: NetName=GND_MOTOR Pin=C42-1
Added Pin To Net: NetName=GND_MOTOR Pin=C43-1
Added Pin To Net: NetName=GND_MOTOR Pin=C44-1
Added Pin To Net: NetName=GND_MOTOR Pin=C45-1
Added Pin To Net: NetName=GND_MOTOR Pin=C46-1
Added Pin To Net: NetName=GND_MOTOR Pin=D3-1
Added Pin To Net: NetName=GND_MOTOR Pin=DA2-2
Added Pin To Net: NetName=GND_MOTOR Pin=DA3-2
Added Pin To Net: NetName=GND_MOTOR Pin=DA4-4
Added Pin To Net: NetName=GND_MOTOR Pin=DA4-5
Added Pin To Net: NetName=GND_MOTOR Pin=DD1-8
Added Pin To Net: NetName=GND_MOTOR Pin=DD1-23
Added Pin To Net: NetName=GND_MOTOR Pin=DD1-35
Added Pin To Net: NetName=GND_MOTOR Pin=DD1-47
Added Pin To Net: NetName=GND_MOTOR Pin=R6-1
Added Pin To Net: NetName=GND_MOTOR Pin=R7-1
Added Pin To Net: NetName=GND_MOTOR Pin=R8-1
Added Pin To Net: NetName=GND_MOTOR Pin=R10-1
Added Pin To Net: NetName=GND_MOTOR Pin=R13-1
Added Pin To Net: NetName=GND_MOTOR Pin=R14-1
Added Pin To Net: NetName=GND_MOTOR Pin=R16-1
Added Pin To Net: NetName=GND_MOTOR Pin=U1-3
Added Pin To Net: NetName=GND_MOTOR Pin=U1-9
Added Pin To Net: NetName=GND_MOTOR Pin=U1-10
Added Pin To Net: NetName=GND_MOTOR Pin=U1-18
Added Pin To Net: NetName=GND_MOTOR Pin=U1-29
Added Pin To Net: NetName=GND_MOTOR Pin=U2-3
Added Pin To Net: NetName=GND_MOTOR Pin=U2-10
Added Pin To Net: NetName=GND_MOTOR Pin=U2-18
Added Pin To Net: NetName=GND_MOTOR Pin=U2-29
Added Pin To Net: NetName=GND_MOTOR Pin=U3-2
Added Pin To Net: NetName=GND_MOTOR Pin=U3-8
Added Pin To Net: NetName=GND_MOTOR Pin=VD1-1
Added Pin To Net: NetName=GND_MOTOR Pin=X6-3
Added Net: Name=GND_MOTOR
Added Pin To Net: NetName=INDEX_X Pin=DD1-40
Added Pin To Net: NetName=INDEX_X Pin=U1-12
Added Net: Name=INDEX_X
Added Pin To Net: NetName=INDEX_Y Pin=DD1-4
Added Pin To Net: NetName=INDEX_Y Pin=U2-12
Added Net: Name=INDEX_Y
Added Pin To Net: NetName=LIMIT_SW_1 Pin=DD1-17
Added Net: Name=LIMIT_SW_1
Added Pin To Net: NetName=LIMIT_SW_2 Pin=DD1-16
Added Net: Name=LIMIT_SW_2
Added Pin To Net: NetName=MOTOR_X_A1 Pin=U1-24
Added Pin To Net: NetName=MOTOR_X_A1 Pin=X3-2
Added Net: Name=MOTOR_X_A1
Added Pin To Net: NetName=MOTOR_X_A2 Pin=U1-21
Added Pin To Net: NetName=MOTOR_X_A2 Pin=X3-1
Added Net: Name=MOTOR_X_A2
Added Pin To Net: NetName=MOTOR_X_B1 Pin=U1-26
Added Pin To Net: NetName=MOTOR_X_B1 Pin=X3-3
Added Net: Name=MOTOR_X_B1
Added Pin To Net: NetName=MOTOR_X_B2 Pin=U1-1
Added Pin To Net: NetName=MOTOR_X_B2 Pin=X3-4
Added Net: Name=MOTOR_X_B2
Added Pin To Net: NetName=MOTOR_Y_A1 Pin=U2-24
Added Pin To Net: NetName=MOTOR_Y_A1 Pin=X4-2
Added Net: Name=MOTOR_Y_A1
Added Pin To Net: NetName=MOTOR_Y_A2 Pin=U2-21
Added Pin To Net: NetName=MOTOR_Y_A2 Pin=X4-1
Added Net: Name=MOTOR_Y_A2
Added Pin To Net: NetName=MOTOR_Y_B1 Pin=U2-26
Added Pin To Net: NetName=MOTOR_Y_B1 Pin=X4-3
Added Net: Name=MOTOR_Y_B1
Added Pin To Net: NetName=MOTOR_Y_B2 Pin=U2-1
Added Pin To Net: NetName=MOTOR_Y_B2 Pin=X4-4
Added Net: Name=MOTOR_Y_B2
Added Pin To Net: NetName=Motors_Power_ON/OFF Pin=DA4-2
Added Pin To Net: NetName=Motors_Power_ON/OFF Pin=R2-2
Added Net: Name=Motors_Power_ON/OFF
Added Pin To Net: NetName=NetC9_1 Pin=C9-1
Added Pin To Net: NetName=NetC9_1 Pin=DA2-6
Added Pin To Net: NetName=NetC9_1 Pin=L1-1
Added Pin To Net: NetName=NetC9_1 Pin=VD1-2
Added Net: Name=NetC9_1
Added Pin To Net: NetName=NetC9_2 Pin=C9-2
Added Pin To Net: NetName=NetC9_2 Pin=D2-2
Added Pin To Net: NetName=NetC9_2 Pin=DA2-1
Added Net: Name=NetC9_2
Added Pin To Net: NetName=NetC20_1 Pin=C20-1
Added Pin To Net: NetName=NetC20_1 Pin=U1-5
Added Net: Name=NetC20_1
Added Pin To Net: NetName=NetC20_2 Pin=C20-2
Added Pin To Net: NetName=NetC20_2 Pin=U1-4
Added Net: Name=NetC20_2
Added Pin To Net: NetName=NetC21_2 Pin=C21-2
Added Pin To Net: NetName=NetC21_2 Pin=U1-8
Added Net: Name=NetC21_2
Added Pin To Net: NetName=NetC23_2 Pin=C23-2
Added Pin To Net: NetName=NetC23_2 Pin=U1-6
Added Net: Name=NetC23_2
Added Pin To Net: NetName=NetC28_1 Pin=C28-1
Added Pin To Net: NetName=NetC28_1 Pin=U2-5
Added Net: Name=NetC28_1
Added Pin To Net: NetName=NetC28_2 Pin=C28-2
Added Pin To Net: NetName=NetC28_2 Pin=U2-4
Added Net: Name=NetC28_2
Added Pin To Net: NetName=NetC29_2 Pin=C29-2
Added Pin To Net: NetName=NetC29_2 Pin=U2-8
Added Net: Name=NetC29_2
Added Pin To Net: NetName=NetC32_2 Pin=C32-2
Added Pin To Net: NetName=NetC32_2 Pin=U2-6
Added Net: Name=NetC32_2
Added Pin To Net: NetName=NetDA2_3 Pin=DA2-3
Added Pin To Net: NetName=NetDA2_3 Pin=R6-2
Added Net: Name=NetDA2_3
Added Pin To Net: NetName=NetDA2_4 Pin=DA2-4
Added Pin To Net: NetName=NetDA2_4 Pin=R3-1
Added Net: Name=NetDA2_4
Added Pin To Net: NetName=NetDA3_1 Pin=DA3-1
Added Pin To Net: NetName=NetDA3_1 Pin=R1-2
Added Net: Name=NetDA3_1
Added Pin To Net: NetName=NetDA3_3 Pin=DA3-3
Added Pin To Net: NetName=NetDA3_3 Pin=R2-1
Added Pin To Net: NetName=NetDA3_3 Pin=R4-2
Added Net: Name=NetDA3_3
Added Pin To Net: NetName=NetDD1_38 Pin=DD1-38
Added Pin To Net: NetName=NetDD1_38 Pin=R1-1
Added Net: Name=NetDD1_38
Added Pin To Net: NetName=NetDD1_44 Pin=DD1-44
Added Net: Name=NetDD1_44
Added Pin To Net: NetName=NetR7_2 Pin=R7-2
Added Pin To Net: NetName=NetR7_2 Pin=U1-23
Added Net: Name=NetR7_2
Added Pin To Net: NetName=NetR8_2 Pin=R8-2
Added Pin To Net: NetName=NetR8_2 Pin=U1-27
Added Net: Name=NetR8_2
Added Pin To Net: NetName=NetR10_2 Pin=R10-2
Added Pin To Net: NetName=NetR10_2 Pin=U1-20
Added Net: Name=NetR10_2
Added Net: Name=NetR11_2
Added Net: Name=NetR12_2
Added Pin To Net: NetName=NetR13_2 Pin=R13-2
Added Pin To Net: NetName=NetR13_2 Pin=U2-23
Added Net: Name=NetR13_2
Added Pin To Net: NetName=NetR14_2 Pin=R14-2
Added Pin To Net: NetName=NetR14_2 Pin=U2-27
Added Net: Name=NetR14_2
Added Pin To Net: NetName=NetR16_2 Pin=R16-2
Added Pin To Net: NetName=NetR16_2 Pin=U2-20
Added Net: Name=NetR16_2
Added Pin To Net: NetName=NetR17_1 Pin=U3-5
Added Net: Name=NetR17_1
Added Pin To Net: NetName=NRST Pin=DD1-7
Added Net: Name=NRST
Added Pin To Net: NetName=OSC_IN Pin=C31-2
Added Pin To Net: NetName=OSC_IN Pin=DD1-5
Added Net: Name=OSC_IN
Added Pin To Net: NetName=OSC_OUT Pin=C37-2
Added Pin To Net: NetName=OSC_OUT Pin=DD1-6
Added Net: Name=OSC_OUT
Added Pin To Net: NetName=RX_DEBUG Pin=DD1-13
Added Pin To Net: NetName=RX_DEBUG Pin=X6-2
Added Net: Name=RX_DEBUG
Added Pin To Net: NetName=RX_TMC_X Pin=DD1-22
Added Pin To Net: NetName=RX_TMC_X Pin=R20-1
Added Net: Name=RX_TMC_X
Added Pin To Net: NetName=RX_TMC_Y Pin=DD1-31
Added Pin To Net: NetName=RX_TMC_Y Pin=R18-1
Added Net: Name=RX_TMC_Y
Added Pin To Net: NetName=SPREAD_X Pin=DD1-27
Added Pin To Net: NetName=SPREAD_X Pin=U1-7
Added Net: Name=SPREAD_X
Added Pin To Net: NetName=SPREAD_Y Pin=DD1-46
Added Pin To Net: NetName=SPREAD_Y Pin=U2-7
Added Net: Name=SPREAD_Y
Added Pin To Net: NetName=STEP_X Pin=DD1-11
Added Pin To Net: NetName=STEP_X Pin=U1-16
Added Net: Name=STEP_X
Added Pin To Net: NetName=STEP_Y Pin=DD1-10
Added Pin To Net: NetName=STEP_Y Pin=U2-16
Added Net: Name=STEP_Y
Added Pin To Net: NetName=SWCLK Pin=DD1-37
Added Net: Name=SWCLK
Added Pin To Net: NetName=SWDIO Pin=DD1-34
Added Net: Name=SWDIO
Added Pin To Net: NetName=TX_DEBUG Pin=DD1-12
Added Pin To Net: NetName=TX_DEBUG Pin=X6-1
Added Net: Name=TX_DEBUG
Added Pin To Net: NetName=TX_TMC_X Pin=DD1-21
Added Pin To Net: NetName=TX_TMC_X Pin=R20-2
Added Pin To Net: NetName=TX_TMC_X Pin=U1-14
Added Net: Name=TX_TMC_X
Added Pin To Net: NetName=TX_TMC_Y Pin=DD1-30
Added Pin To Net: NetName=TX_TMC_Y Pin=R18-2
Added Pin To Net: NetName=TX_TMC_Y Pin=U2-14
Added Net: Name=TX_TMC_Y
Added Class: Name=Panorama_V_0_0_1
Added Class: Name=U_POWER
Added Class: Name=U_STEP-Driver
Added Differential Pair: Name=CAN
Added Room: Name=Panorama_V_0_0_1
Added Room: Name=U_POWER
Added Room: Name=U_STEP-Driver
